<?xml version="1.0" encoding="UTF-8"?>
<!-- Generated by org.testng.reporters.JUnitReportReporter -->
<testsuite hostname="IN-8GP4F63" failures="0" tests="1" name="com.favqs.tests.UsersTest" time="3.435" errors="0" timestamp="2025-07-15T17:33:00 IST" skipped="0">
  <testcase classname="com.favqs.tests.UsersTest" name="createAnUserTest" time="3.435"/>
</testsuite> <!-- com.favqs.tests.UsersTest -->
